2024-12-24 16:54:30 [INFO] testCases.TC_001_AccountRegistrationTest - *** Starting TC_001_AccountRegistrationTest ***
2024-12-24 16:54:30 [INFO] testCases.TC_001_AccountRegistrationTest - Clicked on MyAccount link....
2024-12-24 16:54:31 [INFO] testCases.TC_001_AccountRegistrationTest - Clicked on Register link....
2024-12-24 16:54:31 [INFO] testCases.TC_001_AccountRegistrationTest - Providing customer details ....
2024-12-24 16:54:33 [INFO] testCases.TC_001_AccountRegistrationTest - Validating Account Registration message....
2024-12-24 16:54:37 [INFO] testCases.TC_002_LoginPage - ***Staring VerifyingLogin test**
2024-12-24 16:54:39 [INFO] testCases.TC_002_LoginPage - ***Finishing VerifyingLogin test**
2024-12-24 16:55:16 [INFO] testCases.TC_001_AccountRegistrationTest - *** Starting TC_001_AccountRegistrationTest ***
2024-12-24 16:55:16 [INFO] testCases.TC_001_AccountRegistrationTest - Clicked on MyAccount link....
2024-12-24 16:55:17 [INFO] testCases.TC_001_AccountRegistrationTest - Clicked on Register link....
2024-12-24 16:55:17 [INFO] testCases.TC_001_AccountRegistrationTest - Providing customer details ....
2024-12-24 16:55:19 [INFO] testCases.TC_001_AccountRegistrationTest - Validating Account Registration message....
2024-12-24 16:55:24 [INFO] testCases.TC_002_LoginPage - ***Staring VerifyingLogin test**
2024-12-24 16:55:26 [INFO] testCases.TC_002_LoginPage - ***Finishing VerifyingLogin test**
2024-12-24 16:57:29 [INFO] testCases.TC_001_AccountRegistrationTest - *** Starting TC_001_AccountRegistrationTest ***
2024-12-24 16:57:29 [INFO] testCases.TC_001_AccountRegistrationTest - Clicked on MyAccount link....
2024-12-24 16:57:30 [INFO] testCases.TC_001_AccountRegistrationTest - Clicked on Register link....
2024-12-24 16:57:30 [INFO] testCases.TC_001_AccountRegistrationTest - Providing customer details ....
2024-12-24 16:57:31 [INFO] testCases.TC_001_AccountRegistrationTest - Validating Account Registration message....
2024-12-24 16:57:35 [INFO] testCases.TC_002_LoginPage - ***Staring VerifyingLogin test**
2024-12-24 16:57:38 [INFO] testCases.TC_002_LoginPage - ***Finishing VerifyingLogin test**
2024-12-24 17:02:24 [INFO] testCases.TC_001_AccountRegistrationTest - *** Starting TC_001_AccountRegistrationTest ***
2024-12-24 17:02:24 [INFO] testCases.TC_001_AccountRegistrationTest - Clicked on MyAccount link....
2024-12-24 17:02:25 [INFO] testCases.TC_001_AccountRegistrationTest - Clicked on Register link....
2024-12-24 17:02:25 [INFO] testCases.TC_001_AccountRegistrationTest - Providing customer details ....
2024-12-24 17:02:27 [INFO] testCases.TC_001_AccountRegistrationTest - Validating Account Registration message....
2024-12-24 17:02:32 [INFO] testCases.TC_002_LoginPage - ***Staring VerifyingLogin test**
2024-12-24 17:02:34 [INFO] testCases.TC_002_LoginPage - ***Finishing VerifyingLogin test**
2024-12-24 17:03:01 [INFO] testCases.TC_001_AccountRegistrationTest - *** Starting TC_001_AccountRegistrationTest ***
2024-12-24 17:03:01 [INFO] testCases.TC_001_AccountRegistrationTest - Clicked on MyAccount link....
2024-12-24 17:03:02 [INFO] testCases.TC_001_AccountRegistrationTest - Clicked on Register link....
2024-12-24 17:03:02 [INFO] testCases.TC_001_AccountRegistrationTest - Providing customer details ....
2024-12-24 17:03:04 [INFO] testCases.TC_001_AccountRegistrationTest - Validating Account Registration message....
2024-12-24 17:03:08 [INFO] testCases.TC_002_LoginPage - ***Staring VerifyingLogin test**
2024-12-24 17:03:10 [INFO] testCases.TC_002_LoginPage - ***Finishing VerifyingLogin test**
2024-12-24 17:04:55 [INFO] testCases.TC_001_AccountRegistrationTest - *** Starting TC_001_AccountRegistrationTest ***
2024-12-24 17:04:56 [INFO] testCases.TC_001_AccountRegistrationTest - Clicked on MyAccount link....
2024-12-24 17:04:57 [INFO] testCases.TC_001_AccountRegistrationTest - Clicked on Register link....
2024-12-24 17:04:57 [INFO] testCases.TC_001_AccountRegistrationTest - Providing customer details ....
2024-12-24 17:04:59 [INFO] testCases.TC_001_AccountRegistrationTest - Validating Account Registration message....
2024-12-24 17:05:03 [INFO] testCases.TC_002_LoginPage - ***Staring VerifyingLogin test**
2024-12-24 17:05:05 [INFO] testCases.TC_002_LoginPage - ***Finishing VerifyingLogin test**
2024-12-24 17:05:54 [INFO] testCases.TC_001_AccountRegistrationTest - *** Starting TC_001_AccountRegistrationTest ***
2024-12-24 17:05:55 [INFO] testCases.TC_001_AccountRegistrationTest - Clicked on MyAccount link....
2024-12-24 17:05:55 [INFO] testCases.TC_001_AccountRegistrationTest - Clicked on Register link....
2024-12-24 17:05:55 [INFO] testCases.TC_001_AccountRegistrationTest - Providing customer details ....
2024-12-24 17:05:57 [INFO] testCases.TC_001_AccountRegistrationTest - Validating Account Registration message....
2024-12-24 17:06:01 [INFO] testCases.TC_002_LoginPage - ***Staring VerifyingLogin test**
2024-12-24 17:06:04 [INFO] testCases.TC_002_LoginPage - ***Finishing VerifyingLogin test**
2024-12-24 17:15:53 [INFO] testCases.TC_001_AccountRegistrationTest - *** Starting TC_001_AccountRegistrationTest ***
2024-12-24 17:15:54 [INFO] testCases.TC_001_AccountRegistrationTest - Clicked on MyAccount link....
2024-12-24 17:15:55 [INFO] testCases.TC_001_AccountRegistrationTest - Clicked on Register link....
2024-12-24 17:15:55 [INFO] testCases.TC_001_AccountRegistrationTest - Providing customer details ....
2024-12-24 17:15:58 [INFO] testCases.TC_001_AccountRegistrationTest - Validating Account Registration message....
2024-12-24 17:25:49 [INFO] testCases.TC_001_AccountRegistrationTest - *** Starting TC_001_AccountRegistrationTest ***
2024-12-24 17:25:50 [INFO] testCases.TC_001_AccountRegistrationTest - Clicked on MyAccount link....
2024-12-24 17:25:51 [INFO] testCases.TC_001_AccountRegistrationTest - Clicked on Register link....
2024-12-24 17:25:51 [INFO] testCases.TC_001_AccountRegistrationTest - Providing customer details ....
2024-12-24 17:25:53 [INFO] testCases.TC_001_AccountRegistrationTest - Validating Account Registration message....
2024-12-24 17:27:09 [INFO] testCases.TC_001_AccountRegistrationTest - *** Starting TC_001_AccountRegistrationTest ***
2024-12-24 17:27:09 [INFO] testCases.TC_001_AccountRegistrationTest - Clicked on MyAccount link....
2024-12-24 17:27:10 [INFO] testCases.TC_001_AccountRegistrationTest - Clicked on Register link....
2024-12-24 17:27:10 [INFO] testCases.TC_001_AccountRegistrationTest - Providing customer details ....
2024-12-24 17:27:13 [INFO] testCases.TC_001_AccountRegistrationTest - Validating Account Registration message....
2024-12-24 17:27:17 [INFO] testCases.TC_002_LoginPage - ***Staring VerifyingLogin test**
2024-12-24 17:27:19 [INFO] testCases.TC_002_LoginPage - ***Finishing VerifyingLogin test**
2024-12-24 17:30:59 [INFO] testCases.TC_001_AccountRegistrationTest - *** Starting TC_001_AccountRegistrationTest ***
2024-12-24 17:30:59 [INFO] testCases.TC_001_AccountRegistrationTest - Clicked on MyAccount link....
2024-12-24 17:31:00 [INFO] testCases.TC_001_AccountRegistrationTest - Clicked on Register link....
2024-12-24 17:31:00 [INFO] testCases.TC_001_AccountRegistrationTest - Providing customer details ....
2024-12-24 17:31:02 [INFO] testCases.TC_001_AccountRegistrationTest - Validating Account Registration message....
2024-12-24 17:31:06 [INFO] testCases.TC_002_LoginPage - ***Staring VerifyingLogin test**
2024-12-24 17:31:09 [INFO] testCases.TC_002_LoginPage - ***Finishing VerifyingLogin test**
2024-12-24 17:33:19 [INFO] testCases.TC_001_AccountRegistrationTest - *** Starting TC_001_AccountRegistrationTest ***
2024-12-24 17:33:19 [INFO] testCases.TC_001_AccountRegistrationTest - Clicked on MyAccount link....
2024-12-24 17:33:20 [INFO] testCases.TC_001_AccountRegistrationTest - Clicked on Register link....
2024-12-24 17:33:20 [INFO] testCases.TC_001_AccountRegistrationTest - Providing customer details ....
2024-12-24 17:33:22 [INFO] testCases.TC_001_AccountRegistrationTest - Validating Account Registration message....
2024-12-24 17:33:27 [INFO] testCases.TC_002_LoginPage - ***Staring VerifyingLogin test**
2024-12-24 17:33:29 [INFO] testCases.TC_002_LoginPage - ***Finishing VerifyingLogin test**
2024-12-24 17:33:52 [INFO] testCases.TC_001_AccountRegistrationTest - *** Starting TC_001_AccountRegistrationTest ***
2024-12-24 17:33:52 [INFO] testCases.TC_001_AccountRegistrationTest - Clicked on MyAccount link....
2024-12-24 17:33:53 [INFO] testCases.TC_001_AccountRegistrationTest - Clicked on Register link....
2024-12-24 17:33:53 [INFO] testCases.TC_001_AccountRegistrationTest - Providing customer details ....
2024-12-24 17:33:55 [INFO] testCases.TC_001_AccountRegistrationTest - Validating Account Registration message....
2024-12-24 17:37:06 [INFO] testCases.TC_001_AccountRegistrationTest - *** Starting TC_001_AccountRegistrationTest ***
2024-12-24 17:37:06 [INFO] testCases.TC_001_AccountRegistrationTest - Clicked on MyAccount link....
2024-12-24 17:37:07 [INFO] testCases.TC_001_AccountRegistrationTest - Clicked on Register link....
2024-12-24 17:37:07 [INFO] testCases.TC_001_AccountRegistrationTest - Providing customer details ....
2024-12-24 17:37:09 [INFO] testCases.TC_001_AccountRegistrationTest - Validating Account Registration message....
2024-12-24 17:39:15 [INFO] testCases.TC_001_AccountRegistrationTest - *** Starting TC_001_AccountRegistrationTest ***
2024-12-24 17:39:15 [INFO] testCases.TC_001_AccountRegistrationTest - Clicked on MyAccount link....
2024-12-24 17:39:16 [INFO] testCases.TC_001_AccountRegistrationTest - Clicked on Register link....
2024-12-24 17:39:16 [INFO] testCases.TC_001_AccountRegistrationTest - Providing customer details ....
2024-12-24 17:39:18 [INFO] testCases.TC_001_AccountRegistrationTest - Validating Account Registration message....
2024-12-24 17:43:51 [INFO] testCases.TC_001_AccountRegistrationTest - *** Starting TC_001_AccountRegistrationTest ***
2024-12-24 17:43:51 [INFO] testCases.TC_001_AccountRegistrationTest - Clicked on MyAccount link....
2024-12-24 17:43:52 [INFO] testCases.TC_001_AccountRegistrationTest - Clicked on Register link....
2024-12-24 17:43:52 [INFO] testCases.TC_001_AccountRegistrationTest - Providing customer details ....
2024-12-24 17:43:54 [INFO] testCases.TC_001_AccountRegistrationTest - Validating Account Registration message....
2024-12-24 19:18:39 [INFO] testCases.TC_001_AccountRegistrationTest - *** Starting TC_001_AccountRegistrationTest ***
2024-12-24 19:18:39 [INFO] testCases.TC_001_AccountRegistrationTest - Clicked on MyAccount link....
2024-12-24 19:18:40 [INFO] testCases.TC_001_AccountRegistrationTest - Clicked on Register link....
2024-12-24 19:18:40 [INFO] testCases.TC_001_AccountRegistrationTest - Providing customer details ....
2024-12-24 19:18:43 [INFO] testCases.TC_001_AccountRegistrationTest - Validating Account Registration message....
2024-12-24 19:33:17 [INFO] testCases.TC_001_AccountRegistrationTest - *** Starting TC_001_AccountRegistrationTest ***
2024-12-24 19:33:18 [INFO] testCases.TC_001_AccountRegistrationTest - Clicked on MyAccount link....
2024-12-24 19:33:18 [INFO] testCases.TC_001_AccountRegistrationTest - Clicked on Register link....
2024-12-24 19:33:18 [INFO] testCases.TC_001_AccountRegistrationTest - Providing customer details ....
2024-12-24 19:33:20 [INFO] testCases.TC_001_AccountRegistrationTest - Validating Account Registration message....
2024-12-24 19:33:25 [INFO] testCases.TC_002_LoginPage - ***Staring VerifyingLogin test**
2024-12-24 19:33:27 [INFO] testCases.TC_002_LoginPage - ***Finishing VerifyingLogin test**
2024-12-24 19:33:54 [INFO] testCases.TC_001_AccountRegistrationTest - *** Starting TC_001_AccountRegistrationTest ***
2024-12-24 19:33:54 [INFO] testCases.TC_001_AccountRegistrationTest - Clicked on MyAccount link....
2024-12-24 19:33:55 [INFO] testCases.TC_001_AccountRegistrationTest - Clicked on Register link....
2024-12-24 19:33:55 [INFO] testCases.TC_001_AccountRegistrationTest - Providing customer details ....
2024-12-24 19:33:57 [INFO] testCases.TC_001_AccountRegistrationTest - Validating Account Registration message....
2024-12-24 19:34:01 [INFO] testCases.TC_002_LoginPage - ***Staring VerifyingLogin test**
2024-12-24 19:34:03 [INFO] testCases.TC_002_LoginPage - ***Finishing VerifyingLogin test**
2024-12-24 19:34:26 [INFO] testCases.TC_001_AccountRegistrationTest - *** Starting TC_001_AccountRegistrationTest ***
2024-12-24 19:34:27 [INFO] testCases.TC_001_AccountRegistrationTest - Clicked on MyAccount link....
2024-12-24 19:34:27 [INFO] testCases.TC_001_AccountRegistrationTest - Clicked on Register link....
2024-12-24 19:34:27 [INFO] testCases.TC_001_AccountRegistrationTest - Providing customer details ....
2024-12-24 19:34:28 [INFO] testCases.TC_001_AccountRegistrationTest - Validating Account Registration message....
2024-12-24 19:34:36 [INFO] testCases.TC_002_LoginPage - ***Staring VerifyingLogin test**
2024-12-24 19:34:38 [INFO] testCases.TC_002_LoginPage - ***Finishing VerifyingLogin test**
2024-12-24 19:56:08 [INFO] testCases.TC_001_AccountRegistrationTest - *** Starting TC_001_AccountRegistrationTest ***
2024-12-24 19:56:08 [INFO] testCases.TC_001_AccountRegistrationTest - Clicked on MyAccount link....
2024-12-24 19:56:09 [INFO] testCases.TC_001_AccountRegistrationTest - Clicked on Register link....
2024-12-24 19:56:09 [INFO] testCases.TC_001_AccountRegistrationTest - Providing customer details ....
2024-12-24 19:56:11 [INFO] testCases.TC_001_AccountRegistrationTest - Validating Account Registration message....
2024-12-24 19:56:14 [INFO] testCases.TC_002_LoginPage - ***Staring VerifyingLogin test**
2024-12-24 19:56:16 [INFO] testCases.TC_002_LoginPage - ***Finishing VerifyingLogin test**
2024-12-24 19:56:21 [DEBUG] org.apache.poi.openxml4j.opc.PackageRelationshipCollection - Parsing relationship: /xl/_rels/workbook.xml.rels
2024-12-24 19:56:21 [DEBUG] org.apache.poi.openxml4j.opc.PackageRelationshipCollection - Parsing relationship: /xl/worksheets/_rels/sheet1.xml.rels
2024-12-24 19:56:21 [DEBUG] org.apache.poi.openxml4j.opc.PackageRelationshipCollection - Parsing relationship: /_rels/.rels
2024-12-24 19:56:22 [DEBUG] org.apache.poi.openxml4j.opc.PackageRelationshipCollection - Parsing relationship: /xl/_rels/workbook.xml.rels
2024-12-24 19:56:22 [DEBUG] org.apache.poi.openxml4j.opc.PackageRelationshipCollection - Parsing relationship: /xl/worksheets/_rels/sheet1.xml.rels
2024-12-24 19:56:22 [DEBUG] org.apache.poi.openxml4j.opc.PackageRelationshipCollection - Parsing relationship: /_rels/.rels
2024-12-24 19:56:22 [DEBUG] org.apache.poi.openxml4j.opc.PackageRelationshipCollection - Parsing relationship: /xl/_rels/workbook.xml.rels
2024-12-24 19:56:22 [DEBUG] org.apache.poi.openxml4j.opc.PackageRelationshipCollection - Parsing relationship: /xl/worksheets/_rels/sheet1.xml.rels
2024-12-24 19:56:22 [DEBUG] org.apache.poi.openxml4j.opc.PackageRelationshipCollection - Parsing relationship: /_rels/.rels
2024-12-24 19:56:22 [DEBUG] org.apache.poi.openxml4j.opc.PackageRelationshipCollection - Parsing relationship: /xl/_rels/workbook.xml.rels
2024-12-24 19:56:22 [DEBUG] org.apache.poi.openxml4j.opc.PackageRelationshipCollection - Parsing relationship: /xl/worksheets/_rels/sheet1.xml.rels
2024-12-24 19:56:22 [DEBUG] org.apache.poi.openxml4j.opc.PackageRelationshipCollection - Parsing relationship: /_rels/.rels
2024-12-24 19:56:22 [DEBUG] org.apache.poi.openxml4j.opc.PackageRelationshipCollection - Parsing relationship: /xl/_rels/workbook.xml.rels
2024-12-24 19:56:22 [DEBUG] org.apache.poi.openxml4j.opc.PackageRelationshipCollection - Parsing relationship: /xl/worksheets/_rels/sheet1.xml.rels
2024-12-24 19:56:22 [DEBUG] org.apache.poi.openxml4j.opc.PackageRelationshipCollection - Parsing relationship: /_rels/.rels
2024-12-24 19:56:22 [DEBUG] org.apache.poi.openxml4j.opc.PackageRelationshipCollection - Parsing relationship: /xl/_rels/workbook.xml.rels
2024-12-24 19:56:22 [DEBUG] org.apache.poi.openxml4j.opc.PackageRelationshipCollection - Parsing relationship: /xl/worksheets/_rels/sheet1.xml.rels
2024-12-24 19:56:22 [DEBUG] org.apache.poi.openxml4j.opc.PackageRelationshipCollection - Parsing relationship: /_rels/.rels
2024-12-24 19:56:22 [DEBUG] org.apache.poi.openxml4j.opc.PackageRelationshipCollection - Parsing relationship: /xl/_rels/workbook.xml.rels
2024-12-24 19:56:22 [DEBUG] org.apache.poi.openxml4j.opc.PackageRelationshipCollection - Parsing relationship: /xl/worksheets/_rels/sheet1.xml.rels
2024-12-24 19:56:22 [DEBUG] org.apache.poi.openxml4j.opc.PackageRelationshipCollection - Parsing relationship: /_rels/.rels
2024-12-24 19:56:22 [DEBUG] org.apache.poi.openxml4j.opc.PackageRelationshipCollection - Parsing relationship: /xl/_rels/workbook.xml.rels
2024-12-24 19:56:22 [DEBUG] org.apache.poi.openxml4j.opc.PackageRelationshipCollection - Parsing relationship: /xl/worksheets/_rels/sheet1.xml.rels
2024-12-24 19:56:22 [DEBUG] org.apache.poi.openxml4j.opc.PackageRelationshipCollection - Parsing relationship: /_rels/.rels
2024-12-24 19:56:22 [DEBUG] org.apache.poi.openxml4j.opc.PackageRelationshipCollection - Parsing relationship: /xl/_rels/workbook.xml.rels
2024-12-24 19:56:22 [DEBUG] org.apache.poi.openxml4j.opc.PackageRelationshipCollection - Parsing relationship: /xl/worksheets/_rels/sheet1.xml.rels
2024-12-24 19:56:22 [DEBUG] org.apache.poi.openxml4j.opc.PackageRelationshipCollection - Parsing relationship: /_rels/.rels
2024-12-24 19:56:22 [DEBUG] org.apache.poi.openxml4j.opc.PackageRelationshipCollection - Parsing relationship: /xl/_rels/workbook.xml.rels
2024-12-24 19:56:22 [DEBUG] org.apache.poi.openxml4j.opc.PackageRelationshipCollection - Parsing relationship: /xl/worksheets/_rels/sheet1.xml.rels
2024-12-24 19:56:22 [DEBUG] org.apache.poi.openxml4j.opc.PackageRelationshipCollection - Parsing relationship: /_rels/.rels
2024-12-24 19:56:22 [DEBUG] org.apache.poi.openxml4j.opc.PackageRelationshipCollection - Parsing relationship: /xl/_rels/workbook.xml.rels
2024-12-24 19:56:22 [DEBUG] org.apache.poi.openxml4j.opc.PackageRelationshipCollection - Parsing relationship: /xl/worksheets/_rels/sheet1.xml.rels
2024-12-24 19:56:22 [DEBUG] org.apache.poi.openxml4j.opc.PackageRelationshipCollection - Parsing relationship: /_rels/.rels
2024-12-24 19:56:23 [DEBUG] org.apache.poi.openxml4j.opc.PackageRelationshipCollection - Parsing relationship: /xl/_rels/workbook.xml.rels
2024-12-24 19:56:23 [DEBUG] org.apache.poi.openxml4j.opc.PackageRelationshipCollection - Parsing relationship: /xl/worksheets/_rels/sheet1.xml.rels
2024-12-24 19:56:23 [DEBUG] org.apache.poi.openxml4j.opc.PackageRelationshipCollection - Parsing relationship: /_rels/.rels
2024-12-24 19:56:23 [DEBUG] org.apache.poi.openxml4j.opc.PackageRelationshipCollection - Parsing relationship: /xl/_rels/workbook.xml.rels
2024-12-24 19:56:23 [DEBUG] org.apache.poi.openxml4j.opc.PackageRelationshipCollection - Parsing relationship: /xl/worksheets/_rels/sheet1.xml.rels
2024-12-24 19:56:23 [DEBUG] org.apache.poi.openxml4j.opc.PackageRelationshipCollection - Parsing relationship: /_rels/.rels
2024-12-24 19:56:23 [DEBUG] org.apache.poi.openxml4j.opc.PackageRelationshipCollection - Parsing relationship: /xl/_rels/workbook.xml.rels
2024-12-24 19:56:23 [DEBUG] org.apache.poi.openxml4j.opc.PackageRelationshipCollection - Parsing relationship: /xl/worksheets/_rels/sheet1.xml.rels
2024-12-24 19:56:23 [DEBUG] org.apache.poi.openxml4j.opc.PackageRelationshipCollection - Parsing relationship: /_rels/.rels
2024-12-24 19:56:23 [DEBUG] org.apache.poi.openxml4j.opc.PackageRelationshipCollection - Parsing relationship: /xl/_rels/workbook.xml.rels
2024-12-24 19:56:23 [DEBUG] org.apache.poi.openxml4j.opc.PackageRelationshipCollection - Parsing relationship: /xl/worksheets/_rels/sheet1.xml.rels
2024-12-24 19:56:23 [DEBUG] org.apache.poi.openxml4j.opc.PackageRelationshipCollection - Parsing relationship: /_rels/.rels
2024-12-24 19:56:23 [DEBUG] org.apache.poi.openxml4j.opc.PackageRelationshipCollection - Parsing relationship: /xl/_rels/workbook.xml.rels
2024-12-24 19:56:23 [DEBUG] org.apache.poi.openxml4j.opc.PackageRelationshipCollection - Parsing relationship: /xl/worksheets/_rels/sheet1.xml.rels
2024-12-24 19:56:23 [DEBUG] org.apache.poi.openxml4j.opc.PackageRelationshipCollection - Parsing relationship: /_rels/.rels
2024-12-24 19:56:23 [DEBUG] org.apache.poi.openxml4j.opc.PackageRelationshipCollection - Parsing relationship: /xl/_rels/workbook.xml.rels
2024-12-24 19:56:23 [DEBUG] org.apache.poi.openxml4j.opc.PackageRelationshipCollection - Parsing relationship: /xl/worksheets/_rels/sheet1.xml.rels
2024-12-24 19:56:23 [DEBUG] org.apache.poi.openxml4j.opc.PackageRelationshipCollection - Parsing relationship: /_rels/.rels
2024-12-24 19:56:23 [INFO] testCases.TC_003_LoginDataDrivenTest - *****Starting TC_003_LoginDataDrivenTest*****
2024-12-24 19:56:26 [INFO] testCases.TC_003_LoginDataDrivenTest - *****Starting TC_003_LoginDataDrivenTest*****
2024-12-24 19:56:26 [INFO] testCases.TC_003_LoginDataDrivenTest - *****Starting TC_003_LoginDataDrivenTest*****
2024-12-24 19:56:37 [INFO] testCases.TC_003_LoginDataDrivenTest - *****Starting TC_003_LoginDataDrivenTest*****
2024-12-24 19:56:37 [INFO] testCases.TC_003_LoginDataDrivenTest - *****Starting TC_003_LoginDataDrivenTest*****
2024-12-24 19:56:49 [INFO] testCases.TC_003_LoginDataDrivenTest - *****Starting TC_003_LoginDataDrivenTest*****
2024-12-24 19:56:49 [INFO] testCases.TC_003_LoginDataDrivenTest - *****Starting TC_003_LoginDataDrivenTest*****
2024-12-24 19:57:01 [INFO] testCases.TC_003_LoginDataDrivenTest - *****Starting TC_003_LoginDataDrivenTest*****
2024-12-24 19:57:01 [INFO] testCases.TC_003_LoginDataDrivenTest - *****Starting TC_003_LoginDataDrivenTest*****
2024-12-24 19:57:05 [INFO] testCases.TC_003_LoginDataDrivenTest - *****Starting TC_003_LoginDataDrivenTest*****
2024-12-24 20:12:01 [INFO] testCases.TC_001_AccountRegistrationTest - *** Starting TC_001_AccountRegistrationTest ***
2024-12-24 20:12:01 [INFO] testCases.TC_001_AccountRegistrationTest - Clicked on MyAccount link....
2024-12-24 20:12:02 [INFO] testCases.TC_001_AccountRegistrationTest - Clicked on Register link....
2024-12-24 20:12:02 [INFO] testCases.TC_001_AccountRegistrationTest - Providing customer details ....
2024-12-24 20:12:04 [INFO] testCases.TC_001_AccountRegistrationTest - Validating Account Registration message....
2024-12-24 20:12:09 [INFO] testCases.TC_002_LoginPage - ***Staring VerifyingLogin test**
2024-12-24 20:12:11 [INFO] testCases.TC_002_LoginPage - ***Finishing VerifyingLogin test**
2024-12-24 20:12:46 [INFO] testCases.TC_001_AccountRegistrationTest - *** Starting TC_001_AccountRegistrationTest ***
2024-12-24 20:12:46 [INFO] testCases.TC_001_AccountRegistrationTest - Clicked on MyAccount link....
2024-12-24 20:12:46 [INFO] testCases.TC_001_AccountRegistrationTest - Clicked on Register link....
2024-12-24 20:12:46 [INFO] testCases.TC_001_AccountRegistrationTest - Providing customer details ....
2024-12-24 20:12:49 [INFO] testCases.TC_001_AccountRegistrationTest - Validating Account Registration message....
2024-12-24 21:17:27 [INFO] testCases.TC_001_AccountRegistrationTest - *** Starting TC_001_AccountRegistrationTest ***
2024-12-24 21:17:27 [INFO] testCases.TC_001_AccountRegistrationTest - Clicked on MyAccount link....
2024-12-24 21:17:28 [INFO] testCases.TC_001_AccountRegistrationTest - Clicked on Register link....
2024-12-24 21:17:28 [INFO] testCases.TC_001_AccountRegistrationTest - Providing customer details ....
2024-12-24 21:17:30 [INFO] testCases.TC_001_AccountRegistrationTest - Validating Account Registration message....
2024-12-24 21:32:48 [INFO] testCases.TC_001_AccountRegistrationTest - *** Starting TC_001_AccountRegistrationTest ***
2024-12-24 21:32:48 [INFO] testCases.TC_001_AccountRegistrationTest - Clicked on MyAccount link....
2024-12-24 21:32:49 [INFO] testCases.TC_001_AccountRegistrationTest - Clicked on Register link....
2024-12-24 21:32:49 [INFO] testCases.TC_001_AccountRegistrationTest - Providing customer details ....
2024-12-24 21:32:50 [INFO] testCases.TC_001_AccountRegistrationTest - Validating Account Registration message....
